time: '2021-08-12 19:52:32.772229288 +0300 MSK m=+0.002945311', request: 'select first_name from table where id = 5 and name = 'dasha' or count <= 5;'
time: '1212-88-8998 1212:88:00', request: 'select first_name from table where id = 5 and name = 'dasha' or count <= 5;'
time: '12128-08-812 89:4112:712', request: 'select first_name from table where id = 5 and name = 'dasha' or count <= 5;'
time: '812.08.2021 89:1112:712', request: 'select first_name from table where id = 5 and name = 'dasha' or count <= 5;'
time: '12.08.2021 20:00:29', request: 'select first_name from table where id = 5 and name = 'dasha' or count <= 5;'
time: '13.08.2021 11:14:45', request: 'select first_name from table where id = 5 and name = 'dasha' or count <= 5;'
time: '13.08.2021 11:15:31', request: `select first_name from table where id = 5 and name = 'dasha' or count <= 5;`
time: "13.08.2021 11:16:34", request: "select first_name from table where id = 5 and name = 'dasha' or count <= 5;"
time: "13.08.2021 13:43:32", request: "select first_name from table where id = 5 and name = 'dasha' or count <= 5;"
time: "13.08.2021 13:52:46", request: "select first_name from table where id = 5 and name = 'dasha' or count <= 5;"
time: "13.08.2021 17:04:51", request: "select first_name from table where id = 5 and name = 'dasha' or count <= 5;"
time: "13.08.2021 17:05:55", request: "select first_name from table where id = 5 and name = 'dasha' or count <= 5;"
time: "13.08.2021 17:08:29", request: "select Confirmed from table where Province/State = 'rr' and Deaths > 0;"
time: "13.08.2021 17:10:04", request: "select Confirmed from table where Province/State = 'rr' and Deaths > 0;"
time: "13.08.2021 17:15:08", request: "select Confirmed from table where Province/State = 'rr' and Deaths > 0;"
time: "13.08.2021 17:18:54", request: "select Confirmed from table where Province/State = 'rr' and Deaths > 0;"
time: "13.08.2021 18:08:43", request: "select Confirmed from table where;"
time: "13.08.2021 19:04:02", request: "select Confirmed from table where Province/State = 'rr' and Deaths > 0;"
time: "13.08.2021 19:04:44", request: "select Confirmed from table where Province/State = 'rr' and Deaths > 0;"
time: "13.08.2021 19:06:05", request: "select Confirmed from table where Province/State = 'rr' and Deaths > 0;"
time: "13.08.2021 19:06:31", request: "select Confirmed from table where Province/State = 'rr' and Deaths > 0;"
time: "13.08.2021 19:07:29", request: "select Confirmed from table where Province/State = 'rr' and Deaths > 0;"
time: "13.08.2021 19:11:29", request: "select Confirmed from table where Province/State = 'rr' and Deaths > 0;"
time: "13.08.2021 19:12:55", request: "select Confirmed from table where Province/State = 'rr' and Deaths > 0;"
time: "13.08.2021 19:19:38", request: "select Confirmed from table where Province/State = 'rr' and Deaths > 0;"
time: "13.08.2021 19:20:24", request: "select Confirmed from table where Province/State = 'rr' and Deaths > 0;"
time: "13.08.2021 19:20:30", request: "select Confirmed from table where Province/State = 'rr' and Deaths > 0;"
time: "13.08.2021 19:29:41", request: "select Confirmed from table where Province/State = 'rr' and Deaths > 0;"
time: "13.08.2021 19:30:18", request: "select Confirmed from table where Province/State = 'rr' and Deaths > 0;"
time: "13.08.2021 19:33:02", request: "select Confirmed from table where Province/State = 'rr' and Deaths > 0;"
time: "13.08.2021 20:16:49", request: "select Confirmed from table where Province/State = 'rr' and Deaths > 0;"
time: "13.08.2021 20:19:34", request: "select Confirmed from table where Province/State = 'rr' and Deaths > 0;"
time: "13.08.2021 20:22:52", request: "select Confirmed from table where Province/State = 'rr' and Deaths > 0;"
time: "13.08.2021 20:27:39", request: "select * from table where Country/Region = 'Hong Kong' and Deaths > 0 and Confirmed > 0;"
time: "13.08.2021 20:29:36", request: "select * from table where Country/Region = 'Hong Kong' and Deaths > 0 and Confirmed > 0;"
time: "13.08.2021 20:29:59", request: "select * from table where Country/Region = 'Hong Kong' and Deaths > 0 and Confirmed > 0;"
time: "13.08.2021 20:32:19", request: "select * from table where Country/Region = 'Hong Kong' and Deaths > 0 and Confirmed > 0;"
time: "13.08.2021 20:32:49", request: "select * from table where Country/Region = 'Hong Kong' and Deaths > 0 and Confirmed > 0;"
time: "13.08.2021 20:34:43", request: "select * from table where Country/Region = 'Hong Kong' and Deaths > 0 and Confirmed > 0;"
time: "13.08.2021 20:35:50", request: "select * from table where Country/Region = 'Hong Kong' and Deaths > 0 and Confirmed > 0;"
time: "13.08.2021 20:37:45", request: "select * from table where country/region = 'Hong Kong' and deaths > 0 and confirmed > 0;"
time: "13.08.2021 20:40:04", request: "select * from table where country/region = 'Hong Kong' and deaths > 0 and confirmed > 0;"
time: "13.08.2021 20:40:28", request: "select * from table where country/region = 'Hong Kong' and deaths > 0 and confirmed > 0;"
time: "13.08.2021 20:42:09", request: "select * from table where country/region = 'Hong Kong' and deaths > 0 and confirmed > 0;"
time: "13.08.2021 20:46:37", request: "select * from table where country/region = 'Hong Kong' and deaths > 0 and confirmed > 0;"
time: "13.08.2021 20:47:17", request: "select * from table where country/region = 'Hong Kong' and deaths > 0 and confirmed > 0;"
time: "13.08.2021 20:50:04", request: "select * from table where country/region = 'Hong Kong' and deaths > 0 and confirmed > 0;"
time: "13.08.2021 20:50:55", request: "select * from table where country/region = 'Hong Kong' and deaths > 0 and confirmed > 0;"
time: "13.08.2021 20:54:46", request: "select * from table where country/region = 'Hong Kong' and deaths > 0 or confirmed > 0;"
time: "13.08.2021 20:55:51", request: "select * from table where country/region = 'Hong Kong' and deaths > 0 or confirmed > 0;"
time: "13.08.2021 20:57:20", request: "select * from table where country/region = 'Hong Kong' and deaths ter 0 or confirmed > 0;"
time: "13.08.2021 20:58:21", request: "select country/region, death from table where country/region = 'Hong Kong' and deaths > 0 and confirmed > 0;"
time: "13.08.2021 21:01:09", request: "select country/region, deaths from table where country/region = 'Hong Kong' and deaths > 0 and confirmed > 0;"
time: "13.08.2021 21:03:21", request: "select country/region, deaths from table where country/region = 'Hong Kong' and deaths > 0 and confirmed > 0;"
time: "13.08.2021 21:04:23", request: "select country/region, deaths from table where country/region = 'Hong Kong' and deaths > 0 and confirmed > 0;"
time: "13.08.2021 21:12:24", request: "select country/region, deaths from table;"
time: "13.08.2021 21:13:49", request: "select country/region, deaths from table where country/region = 'Hong Kong' and deaths > 0 and confirmed > 0;"
time: "13.08.2021 21:14:21", request: "select country/region, deaths from table;"
time: "13.08.2021 21:26:14", request: "select country/region, deaths from covid_19_datra where country/region = 'Hong Kong' and deaths > 0 and confirmed > 0;"
time: "13.08.2021 21:26:37", request: "select country/region, deaths from covid_19_data where country/region = 'Hong Kong' and deaths > 0 and confirmed > 0;"
time: "13.08.2021 21:27:08", request: "select country/region, deaths from covid_19_data where country/region = 'Hong Kong' and deaths > 0 and confirmed > 0;"
time: "13.08.2021 21:27:34", request: "select country/region, deaths from covid_19_data where country/region = 'Hong Kong' and deaths > 0 and confirmed > 0;"
time: "13.08.2021 21:29:16", request: "select country/region, deaths from covid_19_data where country/region = 'Hong Kong' and deaths > 0 and confirmed > 0;"
time: "13.08.2021 21:30:03", request: "select country/region, deaths from covid_19_data where country/region = 'Hong Kong' and deaths > 0 and confirmed > 0;"
time: "13.08.2021 21:30:34", request: "select country/region, deaths from covid_19_data where country/region = 'Hong Kong' and deaths > 0 and confirmed > 0;"
time: "13.08.2021 21:30:55", request: "select country/region, deaths from covid_19_data wheryye country/region = 'Hong Kong' and deaths > 0 and confirmed > 0;"
time: "13.08.2021 21:41:55", request: "select"
time: "13.08.2021 21:45:22", request: "select"
time: "13.08.2021 21:52:36", request: "select * from covid_19_data where deaths > 30 and recovered < 100;
"
time: "13.08.2021 21:53:21", request: "select * from covid_19_data where deaths > 30 and recovered < 100;
"
time: "13.08.2021 21:54:40", request: "select * from covid_19_data where deaths > 30 and recovered < 100;
"
time: "14.08.2021 00:53:38", request: "select * from covid_19_data where deaths > 100;
"
time: "14.08.2021 00:54:09", request: "select * from covid_19_data where death > 100;
"
time: "14.08.2021 00:56:37", request: "select * from covid_19_data wherdd;
"
time: "14.08.2021 00:57:28", request: "select * from covid_19_datadd where deaths > 0;
"
time: "14.08.2021 00:58:11", request: "select * from covid_19_data where deaths > 100;
" 
time: "14.08.2021 01:00:29", request: " select * from covid_19_data where deaths > 100;
 " 
time: "14.08.2021 01:04:38", request: " select * from covid_19_data where deaths > 100 " 
