time: "13.08.2021 17:08:29", error: "unable to lex token after province, at 0:42"
time: "13.08.2021 17:10:04", error: "unable to lex token after province, at 0:42"
time: "13.08.2021 17:12:13", error: "context end"
time: "13.08.2021 17:15:12", error: "no such column name 'confirmed' in csv"
time: "13.08.2021 19:04:03", error: "operation '=' does not supported"
time: "13.08.2021 19:06:49", error: "context end"
time: "13.08.2021 19:07:30", error: "types do not match. data: string, value: int"
time: "13.08.2021 19:11:30", error: "types do not match. data 0.0 must be type int. strconv.Atoi: parsing "0.0": invalid syntax"
time: "13.08.2021 19:19:39", error: "types do not match. data 0.0 must be type int. strconv.Atoi: parsing "0.0": invalid syntax"
time: "13.08.2021 19:20:25", error: "types do not match. data 0.0 must be type int. strconv.Atoi: parsing "0.0": invalid syntax"
time: "13.08.2021 19:20:30", error: "types do not match. data 0.0 must be type int. strconv.Atoi: parsing "0.0": invalid syntax"
time: "13.08.2021 19:29:46", error: "context end"
time: "13.08.2021 20:32:19", error: "record on line 12: wrong number of fields"
time: "13.08.2021 20:32:49", error: "record on line 12: wrong number of fields"
time: "13.08.2021 20:34:43", error: "record on line 12: wrong number of fields"
time: "13.08.2021 20:40:04", error: "open ttt.csv: no such file or directory"
time: "13.08.2021 20:54:56", error: "нельзя комбинировать and и or"
time: "13.08.2021 20:56:01", error: "cannot combine and and or"
time: "13.08.2021 20:57:30", error: "operation 'ter' does not supported"
time: "13.08.2021 20:58:22", error: "no such column name 'death' in csv"
time: "13.08.2021 21:26:24", error: "can`t find csv with name 'covid_19_datra'"
time: "13.08.2021 21:26:47", error: "can`t find csv with name 'covid_19_data'"
time: "13.08.2021 21:29:26", error: "Unable to open output: open ~/home/d/result.csv: no such file or directory"
time: "13.08.2021 21:41:55", error: "messageError: [0,0]: Expected statement, got: select, messageErrorParseSelect: <nil>"
time: "13.08.2021 21:45:22", error: "messageError: [0,0]: Expected statement, got: select, messageErrorParseSelect: <nil>"
time: "14.08.2021 00:54:13", error: ""
time: "14.08.2021 00:57:33", error: "can`t find csv with name 'covid_19_datadd'"
time: "14.08.2021 01:04:38", error: "messageError: [0,0]: Expected statement, got: select, messageErrorParseSelect: <nil>" 
time: "14.08.2021 15:01:27", error: "messageError: [0,0]: Expected statement, got: select, messageErrorParseSelect: <nil>" 
time: "14.08.2021 15:15:45", error: "messageErrorParseSelect: Expected comma, got: col" 
time: "14.08.2021 15:19:23", error: "messageErrorParseSelect: Expected comma, got: table" 
time: "14.08.2021 15:21:07", error: "messageErrorParseSelect: Expected FROM token, got: where" 
time: "14.08.2021 15:21:41", error: "messageErrorParseSelect: Expected expression, got: from" 
time: "14.08.2021 15:22:42", error: "messageError: Expected statement, got: select" 
time: "14.08.2021 15:24:30", error: "no such column name 'col1' in csv" 
time: "14.08.2021 15:24:50", error: "unable to lex token after 6, at 0:45" 
time: "14.08.2021 15:25:30", error: "no such column name 'col1' in csv" 
time: "14.08.2021 15:25:51", error: "no such column name 'col1' in csv" 
time: "14.08.2021 15:28:09", error: "no such column name 'col1' in csv" 
time: "14.08.2021 15:28:47", error: "messageError: Expected statement, got: col1" 
